This is pdfTeX, Version 3.14159265-2.6-1.40.15 (TeX Live 2015/dev/Debian) (preloaded format=pdftex 2017.4.13)  16 JAN 2018 22:37
entering extended mode
 restricted \write18 enabled.
 file:line:error style messages enabled.
 %&-line parsing enabled.
**ShowcaseCircular.tex
(./ShowcaseCircular.tex [1{/var/lib/texmf/fonts/map/pdftex/updmap/pdftex.map}]
Memory usage before: 3420&12321; after: 215&10287; still untouched: 4975653
 ) 
Here is how much of TeX's memory you used:
 7 strings out of 494668
 207 string characters out of 6151350
 24347 words of memory out of 5000000
 1670 multiletter control sequences out of 15000+600000
 14794 words of font info for 50 fonts, out of 8000000 for 9000
 1420 hyphenation exceptions out of 8191
 6i,4n,0p,735b,26s stack positions out of 5000i,500n,10000p,200000b,80000s
</usr/share/texlive/texmf-dist/fonts/type1/public/amsfonts/cm/cmbx10.pfb></us
r/share/texlive/texmf-dist/fonts/type1/public/amsfonts/cm/cmr10.pfb></usr/share
/texlive/texmf-dist/fonts/type1/public/amsfonts/cm/cmtt10.pfb>
Output written on ShowcaseCircular.pdf (1 page, 48538 bytes).
PDF statistics:
 20 PDF objects out of 1000 (max. 8388607)
 13 compressed objects within 1 object stream
 0 named destinations out of 1000 (max. 500000)
 1 words of extra memory for PDF output out of 10000 (max. 10000000)

